<?xml version="1.0" encoding="UTF-8"?>
<coverage generated="1650591709127" clover="3.2.0">
  <project timestamp="1650591709127" name="All files">
    <metrics statements="87" coveredstatements="79" conditionals="34" coveredconditionals="29" methods="21" coveredmethods="21" elements="142" coveredelements="129" complexity="0" loc="87" ncloc="87" packages="1" files="1" classes="1"/>
    <file name="Partido.ts" path="C:\Users\Usuario\Desktop\TRABAJO PRACTICO\Trabajo Practico\tp1-martin-job-seba\Archivos\Partido.ts">
      <metrics statements="87" coveredstatements="79" conditionals="34" coveredconditionals="29" methods="21" coveredmethods="21"/>
      <line num="3" count="2" type="stmt"/>
      <line num="5" count="2" type="stmt"/>
      <line num="11" count="655" type="stmt"/>
      <line num="12" count="655" type="stmt"/>
      <line num="13" count="655" type="stmt"/>
      <line num="14" count="655" type="stmt"/>
      <line num="20" count="520" type="cond" truecount="1" falsecount="1"/>
      <line num="21" count="0" type="stmt"/>
      <line num="22" count="0" type="stmt"/>
      <line num="23" count="520" type="cond" truecount="1" falsecount="1"/>
      <line num="24" count="0" type="stmt"/>
      <line num="25" count="0" type="stmt"/>
      <line num="27" count="520" type="cond" truecount="1" falsecount="0"/>
      <line num="28" count="519" type="stmt"/>
      <line num="29" count="2076" type="cond" truecount="1" falsecount="0"/>
      <line num="30" count="519" type="stmt"/>
      <line num="31" count="2076" type="cond" truecount="1" falsecount="0"/>
      <line num="32" count="519" type="stmt"/>
      <line num="33" count="519" type="stmt"/>
      <line num="34" count="519" type="stmt"/>
      <line num="35" count="519" type="stmt"/>
      <line num="36" count="519" type="stmt"/>
      <line num="45" count="135" type="cond" truecount="1" falsecount="1"/>
      <line num="46" count="0" type="stmt"/>
      <line num="47" count="0" type="stmt"/>
      <line num="48" count="135" type="cond" truecount="2" falsecount="0"/>
      <line num="49" count="1" type="stmt"/>
      <line num="50" count="1" type="stmt"/>
      <line num="51" count="134" type="cond" truecount="1" falsecount="0"/>
      <line num="52" count="134" type="stmt"/>
      <line num="53" count="134" type="stmt"/>
      <line num="54" count="134" type="stmt"/>
      <line num="55" count="134" type="stmt"/>
      <line num="61" count="1" type="stmt"/>
      <line num="66" count="424" type="cond" truecount="2" falsecount="0"/>
      <line num="67" count="422" type="stmt"/>
      <line num="69" count="2" type="stmt"/>
      <line num="74" count="260" type="cond" truecount="1" falsecount="1"/>
      <line num="75" count="260" type="stmt"/>
      <line num="77" count="0" type="stmt"/>
      <line num="82" count="5" type="cond" truecount="1" falsecount="0"/>
      <line num="83" count="5" type="stmt"/>
      <line num="88" count="4" type="cond" truecount="1" falsecount="0"/>
      <line num="89" count="4" type="stmt"/>
      <line num="94" count="1" type="stmt"/>
      <line num="98" count="1" type="stmt"/>
      <line num="102" count="1" type="stmt"/>
      <line num="106" count="1" type="stmt"/>
      <line num="110" count="1" type="stmt"/>
      <line num="111" count="1" type="stmt"/>
      <line num="115" count="1" type="stmt"/>
      <line num="116" count="1" type="stmt"/>
      <line num="120" count="492" type="stmt"/>
      <line num="121" count="492" type="cond" truecount="1" falsecount="0"/>
      <line num="122" count="492" type="stmt"/>
      <line num="123" count="492" type="stmt"/>
      <line num="124" count="492" type="stmt"/>
      <line num="125" count="492" type="stmt"/>
      <line num="126" count="492" type="stmt"/>
      <line num="127" count="1968" type="cond" truecount="1" falsecount="0"/>
      <line num="128" count="492" type="stmt"/>
      <line num="131" count="492" type="stmt"/>
      <line num="132" count="1968" type="cond" truecount="1" falsecount="0"/>
      <line num="133" count="492" type="stmt"/>
      <line num="140" count="1" type="cond" truecount="1" falsecount="1"/>
      <line num="141" count="1" type="stmt"/>
      <line num="144" count="0" type="stmt"/>
      <line num="149" count="496" type="cond" truecount="2" falsecount="0"/>
      <line num="150" count="247" type="stmt"/>
      <line num="151" count="247" type="stmt"/>
      <line num="152" count="249" type="cond" truecount="2" falsecount="0"/>
      <line num="153" count="165" type="stmt"/>
      <line num="154" count="165" type="stmt"/>
      <line num="157" count="84" type="stmt"/>
      <line num="162" count="495" type="cond" truecount="2" falsecount="0"/>
      <line num="163" count="85" type="stmt"/>
      <line num="164" count="85" type="stmt"/>
      <line num="165" count="410" type="cond" truecount="2" falsecount="0"/>
      <line num="166" count="164" type="stmt"/>
      <line num="167" count="164" type="stmt"/>
      <line num="170" count="246" type="stmt"/>
      <line num="175" count="6" type="stmt"/>
      <line num="176" count="6" type="stmt"/>
      <line num="180" count="5" type="stmt"/>
      <line num="181" count="5" type="stmt"/>
      <line num="185" count="2" type="cond" truecount="3" falsecount="0"/>
      <line num="186" count="1" type="stmt"/>
    </file>
  </project>
</coverage>
