<?xml version="1.0" encoding="UTF-8"?>
<coverage generated="1650587129116" clover="3.2.0">
  <project timestamp="1650587129116" name="All files">
    <metrics statements="304" coveredstatements="302" conditionals="52" coveredconditionals="50" methods="43" coveredmethods="43" elements="399" coveredelements="395" complexity="0" loc="304" ncloc="304" packages="1" files="5" classes="5"/>
    <file name="Equipo.ts" path="C:\Users\Usuario\Desktop\TRABAJO PRACTICO\Trabajo Practico\tp1-martin-job-seba\Archivos\Equipo.ts">
      <metrics statements="18" coveredstatements="18" conditionals="12" coveredconditionals="12" methods="7" coveredmethods="7"/>
      <line num="3" count="1" type="stmt"/>
      <line num="6" count="517" type="stmt"/>
      <line num="7" count="517" type="stmt"/>
      <line num="8" count="517" type="stmt"/>
      <line num="9" count="517" type="stmt"/>
      <line num="12" count="517" type="cond" truecount="12" falsecount="0"/>
      <line num="13" count="1" type="stmt"/>
      <line num="14" count="1" type="stmt"/>
      <line num="16" count="516" type="stmt"/>
      <line num="17" count="516" type="stmt"/>
      <line num="23" count="16158" type="stmt"/>
      <line num="27" count="2" type="stmt"/>
      <line num="31" count="682" type="stmt"/>
      <line num="35" count="9" type="stmt"/>
      <line num="39" count="986" type="stmt"/>
      <line num="40" count="986" type="stmt"/>
      <line num="41" count="986" type="stmt"/>
      <line num="45" count="661" type="stmt"/>
    </file>
    <file name="Estadio.ts" path="C:\Users\Usuario\Desktop\TRABAJO PRACTICO\Trabajo Practico\tp1-martin-job-seba\Archivos\Estadio.ts">
      <metrics statements="2" coveredstatements="2" conditionals="0" coveredconditionals="0" methods="1" coveredmethods="1"/>
      <line num="1" count="1" type="stmt"/>
      <line num="5" count="1" type="stmt"/>
    </file>
    <file name="Grupo.ts" path="C:\Users\Usuario\Desktop\TRABAJO PRACTICO\Trabajo Practico\tp1-martin-job-seba\Archivos\Grupo.ts">
      <metrics statements="70" coveredstatements="70" conditionals="17" coveredconditionals="17" methods="9" coveredmethods="9"/>
      <line num="1" count="1" type="stmt"/>
      <line num="2" count="1" type="stmt"/>
      <line num="4" count="1" type="stmt"/>
      <line num="7" count="112" type="stmt"/>
      <line num="8" count="112" type="stmt"/>
      <line num="10" count="112" type="stmt"/>
      <line num="11" count="112" type="stmt"/>
      <line num="12" count="112" type="stmt"/>
      <line num="15" count="112" type="cond" truecount="1" falsecount="0"/>
      <line num="16" count="111" type="stmt"/>
      <line num="21" count="444" type="cond" truecount="3" falsecount="0"/>
      <line num="22" count="444" type="stmt"/>
      <line num="23" count="444" type="stmt"/>
      <line num="24" count="444" type="stmt"/>
      <line num="29" count="494" type="cond" truecount="1" falsecount="0"/>
      <line num="30" count="494" type="stmt"/>
      <line num="35" count="1" type="cond" truecount="1" falsecount="0"/>
      <line num="36" count="1" type="stmt"/>
      <line num="40" count="1" type="stmt"/>
      <line num="41" count="1" type="stmt"/>
      <line num="42" count="1" type="stmt"/>
      <line num="47" count="1" type="stmt"/>
      <line num="51" count="1" type="stmt"/>
      <line num="52" count="1" type="cond" truecount="1" falsecount="0"/>
      <line num="53" count="1" type="stmt"/>
      <line num="59" count="89" type="stmt"/>
      <line num="64" count="356" type="cond" truecount="2" falsecount="0"/>
      <line num="65" count="81" type="stmt"/>
      <line num="66" count="81" type="stmt"/>
      <line num="67" count="81" type="stmt"/>
      <line num="68" count="81" type="stmt"/>
      <line num="69" count="81" type="stmt"/>
      <line num="70" count="275" type="cond" truecount="2" falsecount="0"/>
      <line num="71" count="170" type="stmt"/>
      <line num="72" count="170" type="stmt"/>
      <line num="73" count="170" type="stmt"/>
      <line num="74" count="170" type="stmt"/>
      <line num="75" count="105" type="cond" truecount="2" falsecount="0"/>
      <line num="76" count="96" type="stmt"/>
      <line num="77" count="96" type="stmt"/>
      <line num="78" count="96" type="stmt"/>
      <line num="80" count="9" type="stmt"/>
      <line num="81" count="9" type="stmt"/>
      <line num="84" count="89" type="stmt"/>
      <line num="88" count="80" type="stmt"/>
      <line num="89" count="80" type="stmt"/>
      <line num="91" count="80" type="stmt"/>
      <line num="92" count="240" type="cond" truecount="2" falsecount="0"/>
      <line num="93" count="80" type="stmt"/>
      <line num="94" count="240" type="stmt"/>
      <line num="95" count="240" type="stmt"/>
      <line num="96" count="240" type="stmt"/>
      <line num="97" count="240" type="stmt"/>
      <line num="98" count="240" type="stmt"/>
      <line num="99" count="240" type="stmt"/>
      <line num="102" count="160" type="cond" truecount="2" falsecount="0"/>
      <line num="103" count="80" type="stmt"/>
      <line num="104" count="160" type="stmt"/>
      <line num="105" count="160" type="stmt"/>
      <line num="106" count="160" type="stmt"/>
      <line num="107" count="160" type="stmt"/>
      <line num="108" count="160" type="stmt"/>
      <line num="109" count="160" type="stmt"/>
      <line num="110" count="160" type="stmt"/>
      <line num="114" count="80" type="stmt"/>
      <line num="115" count="80" type="stmt"/>
      <line num="116" count="80" type="stmt"/>
      <line num="117" count="80" type="stmt"/>
      <line num="118" count="80" type="stmt"/>
      <line num="119" count="80" type="stmt"/>
    </file>
    <file name="Manager.ts" path="C:\Users\Usuario\Desktop\TRABAJO PRACTICO\Trabajo Practico\tp1-martin-job-seba\Archivos\Manager.ts">
      <metrics statements="149" coveredstatements="149" conditionals="0" coveredconditionals="0" methods="8" coveredmethods="8"/>
      <line num="2" count="1" type="stmt"/>
      <line num="3" count="1" type="stmt"/>
      <line num="5" count="1" type="stmt"/>
      <line num="7" count="12" type="stmt"/>
      <line num="8" count="12" type="stmt"/>
      <line num="9" count="12" type="stmt"/>
      <line num="10" count="12" type="stmt"/>
      <line num="11" count="12" type="stmt"/>
      <line num="16" count="12" type="stmt"/>
      <line num="20" count="10" type="stmt"/>
      <line num="21" count="10" type="stmt"/>
      <line num="22" count="10" type="stmt"/>
      <line num="23" count="10" type="stmt"/>
      <line num="24" count="10" type="stmt"/>
      <line num="25" count="10" type="stmt"/>
      <line num="26" count="10" type="stmt"/>
      <line num="29" count="10" type="stmt"/>
      <line num="30" count="10" type="stmt"/>
      <line num="31" count="10" type="stmt"/>
      <line num="32" count="10" type="stmt"/>
      <line num="33" count="10" type="stmt"/>
      <line num="34" count="10" type="stmt"/>
      <line num="35" count="10" type="stmt"/>
      <line num="37" count="10" type="stmt"/>
      <line num="38" count="10" type="stmt"/>
      <line num="39" count="10" type="stmt"/>
      <line num="40" count="10" type="stmt"/>
      <line num="41" count="10" type="stmt"/>
      <line num="42" count="10" type="stmt"/>
      <line num="43" count="10" type="stmt"/>
      <line num="45" count="10" type="stmt"/>
      <line num="46" count="10" type="stmt"/>
      <line num="47" count="10" type="stmt"/>
      <line num="48" count="10" type="stmt"/>
      <line num="49" count="10" type="stmt"/>
      <line num="50" count="10" type="stmt"/>
      <line num="51" count="10" type="stmt"/>
      <line num="53" count="10" type="stmt"/>
      <line num="54" count="10" type="stmt"/>
      <line num="55" count="10" type="stmt"/>
      <line num="56" count="10" type="stmt"/>
      <line num="57" count="10" type="stmt"/>
      <line num="58" count="10" type="stmt"/>
      <line num="59" count="10" type="stmt"/>
      <line num="61" count="10" type="stmt"/>
      <line num="62" count="10" type="stmt"/>
      <line num="63" count="10" type="stmt"/>
      <line num="64" count="10" type="stmt"/>
      <line num="65" count="10" type="stmt"/>
      <line num="66" count="10" type="stmt"/>
      <line num="67" count="10" type="stmt"/>
      <line num="69" count="10" type="stmt"/>
      <line num="70" count="10" type="stmt"/>
      <line num="71" count="10" type="stmt"/>
      <line num="72" count="10" type="stmt"/>
      <line num="73" count="10" type="stmt"/>
      <line num="74" count="10" type="stmt"/>
      <line num="75" count="10" type="stmt"/>
      <line num="77" count="10" type="stmt"/>
      <line num="78" count="10" type="stmt"/>
      <line num="79" count="10" type="stmt"/>
      <line num="80" count="10" type="stmt"/>
      <line num="81" count="10" type="stmt"/>
      <line num="82" count="10" type="stmt"/>
      <line num="83" count="10" type="stmt"/>
      <line num="87" count="81" type="stmt"/>
      <line num="91" count="11" type="stmt"/>
      <line num="92" count="11" type="stmt"/>
      <line num="93" count="11" type="stmt"/>
      <line num="94" count="11" type="stmt"/>
      <line num="95" count="11" type="stmt"/>
      <line num="96" count="11" type="stmt"/>
      <line num="97" count="11" type="stmt"/>
      <line num="98" count="11" type="stmt"/>
      <line num="99" count="11" type="stmt"/>
      <line num="101" count="11" type="stmt"/>
      <line num="102" count="11" type="stmt"/>
      <line num="103" count="11" type="stmt"/>
      <line num="104" count="11" type="stmt"/>
      <line num="105" count="11" type="stmt"/>
      <line num="106" count="11" type="stmt"/>
      <line num="107" count="11" type="stmt"/>
      <line num="108" count="11" type="stmt"/>
      <line num="110" count="11" type="stmt"/>
      <line num="111" count="11" type="stmt"/>
      <line num="112" count="11" type="stmt"/>
      <line num="113" count="11" type="stmt"/>
      <line num="114" count="11" type="stmt"/>
      <line num="115" count="11" type="stmt"/>
      <line num="117" count="11" type="stmt"/>
      <line num="118" count="11" type="stmt"/>
      <line num="119" count="11" type="stmt"/>
      <line num="120" count="11" type="stmt"/>
      <line num="121" count="11" type="stmt"/>
      <line num="122" count="11" type="stmt"/>
      <line num="124" count="11" type="stmt"/>
      <line num="125" count="11" type="stmt"/>
      <line num="126" count="11" type="stmt"/>
      <line num="127" count="11" type="stmt"/>
      <line num="128" count="11" type="stmt"/>
      <line num="129" count="11" type="stmt"/>
      <line num="131" count="11" type="stmt"/>
      <line num="132" count="11" type="stmt"/>
      <line num="133" count="11" type="stmt"/>
      <line num="134" count="11" type="stmt"/>
      <line num="135" count="11" type="stmt"/>
      <line num="136" count="11" type="stmt"/>
      <line num="138" count="11" type="stmt"/>
      <line num="142" count="8" type="stmt"/>
      <line num="143" count="8" type="stmt"/>
      <line num="144" count="8" type="stmt"/>
      <line num="145" count="8" type="stmt"/>
      <line num="146" count="8" type="stmt"/>
      <line num="147" count="8" type="stmt"/>
      <line num="148" count="8" type="stmt"/>
      <line num="149" count="8" type="stmt"/>
      <line num="151" count="8" type="stmt"/>
      <line num="152" count="8" type="stmt"/>
      <line num="153" count="8" type="stmt"/>
      <line num="155" count="8" type="stmt"/>
      <line num="156" count="8" type="stmt"/>
      <line num="157" count="8" type="stmt"/>
      <line num="159" count="8" type="stmt"/>
      <line num="160" count="8" type="stmt"/>
      <line num="161" count="8" type="stmt"/>
      <line num="162" count="8" type="stmt"/>
      <line num="166" count="5" type="stmt"/>
      <line num="167" count="5" type="stmt"/>
      <line num="168" count="5" type="stmt"/>
      <line num="170" count="5" type="stmt"/>
      <line num="171" count="5" type="stmt"/>
      <line num="172" count="5" type="stmt"/>
      <line num="173" count="5" type="stmt"/>
      <line num="175" count="5" type="stmt"/>
      <line num="176" count="5" type="stmt"/>
      <line num="177" count="5" type="stmt"/>
      <line num="178" count="5" type="stmt"/>
      <line num="179" count="5" type="stmt"/>
      <line num="183" count="2" type="stmt"/>
      <line num="184" count="2" type="stmt"/>
      <line num="186" count="2" type="stmt"/>
      <line num="187" count="2" type="stmt"/>
      <line num="188" count="2" type="stmt"/>
      <line num="189" count="2" type="stmt"/>
      <line num="193" count="2" type="stmt"/>
      <line num="194" count="2" type="stmt"/>
      <line num="196" count="2" type="stmt"/>
      <line num="197" count="2" type="stmt"/>
      <line num="198" count="2" type="stmt"/>
    </file>
    <file name="Partido.ts" path="C:\Users\Usuario\Desktop\TRABAJO PRACTICO\Trabajo Practico\tp1-martin-job-seba\Archivos\Partido.ts">
      <metrics statements="65" coveredstatements="63" conditionals="23" coveredconditionals="21" methods="18" coveredmethods="18"/>
      <line num="4" count="1" type="stmt"/>
      <line num="10" count="652" type="stmt"/>
      <line num="16" count="518" type="cond" truecount="1" falsecount="0"/>
      <line num="17" count="517" type="stmt"/>
      <line num="18" count="2068" type="cond" truecount="1" falsecount="0"/>
      <line num="19" count="517" type="stmt"/>
      <line num="20" count="2068" type="cond" truecount="1" falsecount="0"/>
      <line num="21" count="517" type="stmt"/>
      <line num="22" count="517" type="stmt"/>
      <line num="23" count="517" type="stmt"/>
      <line num="24" count="517" type="stmt"/>
      <line num="25" count="517" type="stmt"/>
      <line num="34" count="134" type="cond" truecount="1" falsecount="0"/>
      <line num="35" count="134" type="stmt"/>
      <line num="36" count="134" type="stmt"/>
      <line num="37" count="134" type="stmt"/>
      <line num="38" count="134" type="stmt"/>
      <line num="44" count="1" type="stmt"/>
      <line num="49" count="424" type="cond" truecount="2" falsecount="0"/>
      <line num="50" count="422" type="stmt"/>
      <line num="52" count="2" type="stmt"/>
      <line num="57" count="260" type="cond" truecount="1" falsecount="1"/>
      <line num="58" count="260" type="stmt"/>
      <line num="60" count="0" type="stmt"/>
      <line num="65" count="5" type="cond" truecount="1" falsecount="0"/>
      <line num="66" count="5" type="stmt"/>
      <line num="71" count="4" type="cond" truecount="1" falsecount="0"/>
      <line num="72" count="4" type="stmt"/>
      <line num="77" count="1" type="stmt"/>
      <line num="81" count="1" type="stmt"/>
      <line num="85" count="1" type="stmt"/>
      <line num="89" count="1" type="stmt"/>
      <line num="93" count="1" type="stmt"/>
      <line num="94" count="1" type="stmt"/>
      <line num="98" count="1" type="stmt"/>
      <line num="99" count="1" type="stmt"/>
      <line num="103" count="492" type="stmt"/>
      <line num="104" count="492" type="cond" truecount="1" falsecount="0"/>
      <line num="105" count="492" type="stmt"/>
      <line num="106" count="492" type="stmt"/>
      <line num="107" count="492" type="stmt"/>
      <line num="108" count="492" type="stmt"/>
      <line num="109" count="492" type="stmt"/>
      <line num="110" count="1968" type="cond" truecount="1" falsecount="0"/>
      <line num="111" count="492" type="stmt"/>
      <line num="114" count="492" type="stmt"/>
      <line num="115" count="1968" type="cond" truecount="1" falsecount="0"/>
      <line num="116" count="492" type="stmt"/>
      <line num="123" count="1" type="cond" truecount="1" falsecount="1"/>
      <line num="124" count="1" type="stmt"/>
      <line num="127" count="0" type="stmt"/>
      <line num="132" count="496" type="cond" truecount="2" falsecount="0"/>
      <line num="133" count="247" type="stmt"/>
      <line num="134" count="247" type="stmt"/>
      <line num="135" count="249" type="cond" truecount="2" falsecount="0"/>
      <line num="136" count="165" type="stmt"/>
      <line num="137" count="165" type="stmt"/>
      <line num="140" count="84" type="stmt"/>
      <line num="145" count="495" type="cond" truecount="2" falsecount="0"/>
      <line num="146" count="85" type="stmt"/>
      <line num="147" count="85" type="stmt"/>
      <line num="148" count="410" type="cond" truecount="2" falsecount="0"/>
      <line num="149" count="164" type="stmt"/>
      <line num="150" count="164" type="stmt"/>
      <line num="153" count="246" type="stmt"/>
    </file>
  </project>
</coverage>
