{"C:\\Users\\Usuario\\Desktop\\TRABAJO PRACTICO\\Trabajo Practico\\tp1-martin-job-seba\\Archivos\\Equipo.ts": {"path":"C:\\Users\\Usuario\\Desktop\\TRABAJO PRACTICO\\Trabajo Practico\\tp1-martin-job-seba\\Archivos\\Equipo.ts","statementMap":{"0":{"start":{"line":6,"column":11},"end":{"line":6,"column":27}},"1":{"start":{"line":7,"column":11},"end":{"line":7,"column":32}},"2":{"start":{"line":8,"column":11},"end":{"line":8,"column":36}},"3":{"start":{"line":9,"column":11},"end":{"line":9,"column":40}},"4":{"start":{"line":12,"column":8},"end":{"line":18,"column":null}},"5":{"start":{"line":13,"column":12},"end":{"line":13,"column":37}},"6":{"start":{"line":14,"column":12},"end":{"line":14,"column":35}},"7":{"start":{"line":16,"column":12},"end":{"line":16,"column":40}},"8":{"start":{"line":17,"column":12},"end":{"line":17,"column":38}},"9":{"start":{"line":23,"column":8},"end":{"line":23,"column":33}},"10":{"start":{"line":27,"column":8},"end":{"line":27,"column":31}},"11":{"start":{"line":31,"column":8},"end":{"line":31,"column":36}},"12":{"start":{"line":35,"column":8},"end":{"line":35,"column":57}},"13":{"start":{"line":39,"column":8},"end":{"line":39,"column":75}},"14":{"start":{"line":40,"column":8},"end":{"line":40,"column":23}},"15":{"start":{"line":41,"column":8},"end":{"line":41,"column":34}},"16":{"start":{"line":45,"column":8},"end":{"line":45,"column":53}},"17":{"start":{"line":3,"column":0},"end":{"line":3,"column":13}}},"fnMap":{"0":{"name":"(anonymous_0)","decl":{"start":{"line":11,"column":4},"end":{"line":11,"column":16}},"loc":{"start":{"line":11,"column":48},"end":{"line":20,"column":5}}},"1":{"name":"(anonymous_1)","decl":{"start":{"line":22,"column":11},"end":{"line":22,"column":20}},"loc":{"start":{"line":22,"column":20},"end":{"line":24,"column":5}}},"2":{"name":"(anonymous_2)","decl":{"start":{"line":26,"column":11},"end":{"line":26,"column":20}},"loc":{"start":{"line":26,"column":20},"end":{"line":28,"column":5}}},"3":{"name":"(anonymous_3)","decl":{"start":{"line":30,"column":11},"end":{"line":30,"column":19}},"loc":{"start":{"line":30,"column":19},"end":{"line":32,"column":5}}},"4":{"name":"(anonymous_4)","decl":{"start":{"line":34,"column":11},"end":{"line":34,"column":32}},"loc":{"start":{"line":34,"column":32},"end":{"line":36,"column":5}}},"5":{"name":"(anonymous_5)","decl":{"start":{"line":38,"column":11},"end":{"line":38,"column":24}},"loc":{"start":{"line":38,"column":24},"end":{"line":42,"column":5}}},"6":{"name":"(anonymous_6)","decl":{"start":{"line":44,"column":11},"end":{"line":44,"column":24}},"loc":{"start":{"line":44,"column":40},"end":{"line":46,"column":5}}}},"branchMap":{"0":{"loc":{"start":{"line":12,"column":8},"end":{"line":18,"column":null}},"type":"if","locations":[{"start":{"line":12,"column":8},"end":{"line":18,"column":null}},{"start":{"line":15,"column":13},"end":{"line":18,"column":null}}]},"1":{"loc":{"start":{"line":12,"column":11},"end":{"line":12,"column":286}},"type":"binary-expr","locations":[{"start":{"line":12,"column":11},"end":{"line":12,"column":36}},{"start":{"line":12,"column":40},"end":{"line":12,"column":65}},{"start":{"line":12,"column":69},"end":{"line":12,"column":94}},{"start":{"line":12,"column":98},"end":{"line":12,"column":123}},{"start":{"line":12,"column":127},"end":{"line":12,"column":152}},{"start":{"line":12,"column":156},"end":{"line":12,"column":181}},{"start":{"line":12,"column":184},"end":{"line":12,"column":209}},{"start":{"line":12,"column":213},"end":{"line":12,"column":237}},{"start":{"line":12,"column":241},"end":{"line":12,"column":265}},{"start":{"line":12,"column":269},"end":{"line":12,"column":286}}]}},"s":{"0":517,"1":517,"2":517,"3":517,"4":517,"5":1,"6":1,"7":516,"8":516,"9":16158,"10":2,"11":682,"12":9,"13":986,"14":986,"15":986,"16":661,"17":1},"f":{"0":517,"1":16158,"2":2,"3":682,"4":9,"5":986,"6":661},"b":{"0":[1,516],"1":[517,517,516,516,516,516,516,516,516,516]}}
}
