{"C:\\Users\\Usuario\\Desktop\\TRABAJO PRACTICO\\Trabajo Practico\\tp1-martin-job-seba\\Archivos\\Partido.ts": {"path":"C:\\Users\\Usuario\\Desktop\\TRABAJO PRACTICO\\Trabajo Practico\\tp1-martin-job-seba\\Archivos\\Partido.ts","statementMap":{"0":{"start":{"line":3,"column":0},"end":{"line":3,"column":38}},"1":{"start":{"line":11,"column":11},"end":{"line":11,"column":36}},"2":{"start":{"line":12,"column":11},"end":{"line":12,"column":45}},"3":{"start":{"line":13,"column":11},"end":{"line":13,"column":40}},"4":{"start":{"line":14,"column":11},"end":{"line":14,"column":44}},"5":{"start":{"line":20,"column":8},"end":{"line":41,"column":null}},"6":{"start":{"line":21,"column":12},"end":{"line":21,"column":46}},"7":{"start":{"line":22,"column":12},"end":{"line":22,"column":40}},"8":{"start":{"line":23,"column":14},"end":{"line":41,"column":null}},"9":{"start":{"line":24,"column":12},"end":{"line":24,"column":38}},"10":{"start":{"line":25,"column":12},"end":{"line":25,"column":36}},"11":{"start":{"line":27,"column":13},"end":{"line":41,"column":null}},"12":{"start":{"line":28,"column":12},"end":{"line":40,"column":null}},"13":{"start":{"line":28,"column":25},"end":{"line":28,"column":26}},"14":{"start":{"line":29,"column":16},"end":{"line":39,"column":null}},"15":{"start":{"line":30,"column":20},"end":{"line":38,"column":null}},"16":{"start":{"line":30,"column":33},"end":{"line":30,"column":34}},"17":{"start":{"line":31,"column":24},"end":{"line":37,"column":null}},"18":{"start":{"line":32,"column":28},"end":{"line":32,"column":51}},"19":{"start":{"line":33,"column":28},"end":{"line":33,"column":48}},"20":{"start":{"line":34,"column":28},"end":{"line":34,"column":54}},"21":{"start":{"line":35,"column":28},"end":{"line":35,"column":62}},"22":{"start":{"line":36,"column":28},"end":{"line":36,"column":51}},"23":{"start":{"line":45,"column":8},"end":{"line":56,"column":null}},"24":{"start":{"line":46,"column":12},"end":{"line":46,"column":46}},"25":{"start":{"line":47,"column":12},"end":{"line":47,"column":40}},"26":{"start":{"line":48,"column":14},"end":{"line":56,"column":null}},"27":{"start":{"line":49,"column":12},"end":{"line":49,"column":38}},"28":{"start":{"line":50,"column":12},"end":{"line":50,"column":36}},"29":{"start":{"line":51,"column":14},"end":{"line":56,"column":null}},"30":{"start":{"line":52,"column":12},"end":{"line":52,"column":35}},"31":{"start":{"line":53,"column":12},"end":{"line":53,"column":38}},"32":{"start":{"line":54,"column":12},"end":{"line":54,"column":46}},"33":{"start":{"line":55,"column":12},"end":{"line":55,"column":35}},"34":{"start":{"line":61,"column":8},"end":{"line":61,"column":114}},"35":{"start":{"line":66,"column":8},"end":{"line":70,"column":null}},"36":{"start":{"line":67,"column":12},"end":{"line":67,"column":40}},"37":{"start":{"line":69,"column":12},"end":{"line":69,"column":27}},"38":{"start":{"line":74,"column":8},"end":{"line":78,"column":null}},"39":{"start":{"line":75,"column":12},"end":{"line":75,"column":44}},"40":{"start":{"line":77,"column":12},"end":{"line":77,"column":27}},"41":{"start":{"line":82,"column":8},"end":{"line":84,"column":null}},"42":{"start":{"line":83,"column":12},"end":{"line":83,"column":53}},"43":{"start":{"line":88,"column":8},"end":{"line":90,"column":null}},"44":{"start":{"line":89,"column":12},"end":{"line":89,"column":57}},"45":{"start":{"line":94,"column":8},"end":{"line":94,"column":38}},"46":{"start":{"line":98,"column":8},"end":{"line":98,"column":42}},"47":{"start":{"line":102,"column":8},"end":{"line":102,"column":49}},"48":{"start":{"line":106,"column":8},"end":{"line":106,"column":53}},"49":{"start":{"line":110,"column":8},"end":{"line":110,"column":41}},"50":{"start":{"line":111,"column":8},"end":{"line":111,"column":41}},"51":{"start":{"line":115,"column":8},"end":{"line":115,"column":45}},"52":{"start":{"line":116,"column":8},"end":{"line":116,"column":45}},"53":{"start":{"line":120,"column":8},"end":{"line":120,"column":29}},"54":{"start":{"line":121,"column":8},"end":{"line":136,"column":null}},"55":{"start":{"line":122,"column":12},"end":{"line":122,"column":31}},"56":{"start":{"line":123,"column":12},"end":{"line":123,"column":35}},"57":{"start":{"line":124,"column":12},"end":{"line":124,"column":45}},"58":{"start":{"line":125,"column":12},"end":{"line":125,"column":49}},"59":{"start":{"line":126,"column":12},"end":{"line":130,"column":null}},"60":{"start":{"line":126,"column":25},"end":{"line":126,"column":26}},"61":{"start":{"line":127,"column":16},"end":{"line":129,"column":null}},"62":{"start":{"line":128,"column":20},"end":{"line":128,"column":61}},"63":{"start":{"line":131,"column":12},"end":{"line":135,"column":null}},"64":{"start":{"line":131,"column":25},"end":{"line":131,"column":26}},"65":{"start":{"line":132,"column":16},"end":{"line":134,"column":null}},"66":{"start":{"line":133,"column":20},"end":{"line":133,"column":65}},"67":{"start":{"line":140,"column":8},"end":{"line":145,"column":null}},"68":{"start":{"line":141,"column":12},"end":{"line":141,"column":null}},"69":{"start":{"line":144,"column":12},"end":{"line":144,"column":25}},"70":{"start":{"line":149,"column":8},"end":{"line":158,"column":null}},"71":{"start":{"line":150,"column":12},"end":{"line":150,"column":46}},"72":{"start":{"line":151,"column":12},"end":{"line":151,"column":21}},"73":{"start":{"line":152,"column":15},"end":{"line":158,"column":null}},"74":{"start":{"line":153,"column":12},"end":{"line":153,"column":46}},"75":{"start":{"line":154,"column":12},"end":{"line":154,"column":21}},"76":{"start":{"line":157,"column":12},"end":{"line":157,"column":21}},"77":{"start":{"line":162,"column":8},"end":{"line":171,"column":null}},"78":{"start":{"line":163,"column":12},"end":{"line":163,"column":50}},"79":{"start":{"line":164,"column":12},"end":{"line":164,"column":21}},"80":{"start":{"line":165,"column":15},"end":{"line":171,"column":null}},"81":{"start":{"line":166,"column":12},"end":{"line":166,"column":50}},"82":{"start":{"line":167,"column":12},"end":{"line":167,"column":21}},"83":{"start":{"line":170,"column":12},"end":{"line":170,"column":21}},"84":{"start":{"line":175,"column":23},"end":{"line":175,"column":44}},"85":{"start":{"line":176,"column":8},"end":{"line":176,"column":null}},"86":{"start":{"line":180,"column":23},"end":{"line":180,"column":44}},"87":{"start":{"line":181,"column":8},"end":{"line":181,"column":null}},"88":{"start":{"line":185,"column":8},"end":{"line":187,"column":null}},"89":{"start":{"line":186,"column":12},"end":{"line":186,"column":40}},"90":{"start":{"line":5,"column":0},"end":{"line":5,"column":13}}},"fnMap":{"0":{"name":"(anonymous_0)","decl":{"start":{"line":16,"column":4},"end":{"line":16,"column":null}},"loc":{"start":{"line":16,"column":4},"end":{"line":17,"column":5}}},"1":{"name":"(anonymous_1)","decl":{"start":{"line":19,"column":11},"end":{"line":19,"column":27}},"loc":{"start":{"line":19,"column":91},"end":{"line":42,"column":5}}},"2":{"name":"(anonymous_2)","decl":{"start":{"line":44,"column":11},"end":{"line":44,"column":28}},"loc":{"start":{"line":44,"column":79},"end":{"line":57,"column":5}}},"3":{"name":"(anonymous_3)","decl":{"start":{"line":60,"column":11},"end":{"line":60,"column":26}},"loc":{"start":{"line":60,"column":43},"end":{"line":63,"column":5}}},"4":{"name":"(anonymous_4)","decl":{"start":{"line":65,"column":11},"end":{"line":65,"column":24}},"loc":{"start":{"line":65,"column":24},"end":{"line":71,"column":5}}},"5":{"name":"(anonymous_5)","decl":{"start":{"line":73,"column":11},"end":{"line":73,"column":28}},"loc":{"start":{"line":73,"column":28},"end":{"line":79,"column":5}}},"6":{"name":"(anonymous_6)","decl":{"start":{"line":81,"column":11},"end":{"line":81,"column":39}},"loc":{"start":{"line":81,"column":39},"end":{"line":85,"column":5}}},"7":{"name":"(anonymous_7)","decl":{"start":{"line":87,"column":11},"end":{"line":87,"column":43}},"loc":{"start":{"line":87,"column":43},"end":{"line":91,"column":5}}},"8":{"name":"(anonymous_8)","decl":{"start":{"line":93,"column":11},"end":{"line":93,"column":34}},"loc":{"start":{"line":93,"column":34},"end":{"line":95,"column":5}}},"9":{"name":"(anonymous_9)","decl":{"start":{"line":97,"column":11},"end":{"line":97,"column":38}},"loc":{"start":{"line":97,"column":38},"end":{"line":99,"column":5}}},"10":{"name":"(anonymous_10)","decl":{"start":{"line":101,"column":11},"end":{"line":101,"column":41}},"loc":{"start":{"line":101,"column":41},"end":{"line":103,"column":5}}},"11":{"name":"(anonymous_11)","decl":{"start":{"line":105,"column":11},"end":{"line":105,"column":45}},"loc":{"start":{"line":105,"column":45},"end":{"line":107,"column":5}}},"12":{"name":"(anonymous_12)","decl":{"start":{"line":109,"column":11},"end":{"line":109,"column":33}},"loc":{"start":{"line":109,"column":33},"end":{"line":112,"column":5}}},"13":{"name":"(anonymous_13)","decl":{"start":{"line":114,"column":11},"end":{"line":114,"column":37}},"loc":{"start":{"line":114,"column":37},"end":{"line":117,"column":5}}},"14":{"name":"(anonymous_14)","decl":{"start":{"line":119,"column":11},"end":{"line":119,"column":27}},"loc":{"start":{"line":119,"column":40},"end":{"line":137,"column":5}}},"15":{"name":"(anonymous_15)","decl":{"start":{"line":139,"column":11},"end":{"line":139,"column":25}},"loc":{"start":{"line":139,"column":25},"end":{"line":146,"column":5}}},"16":{"name":"(anonymous_16)","decl":{"start":{"line":148,"column":11},"end":{"line":148,"column":22}},"loc":{"start":{"line":148,"column":22},"end":{"line":159,"column":5}}},"17":{"name":"(anonymous_17)","decl":{"start":{"line":161,"column":11},"end":{"line":161,"column":26}},"loc":{"start":{"line":161,"column":26},"end":{"line":172,"column":5}}},"18":{"name":"(anonymous_18)","decl":{"start":{"line":174,"column":11},"end":{"line":174,"column":32}},"loc":{"start":{"line":174,"column":48},"end":{"line":177,"column":5}}},"19":{"name":"(anonymous_19)","decl":{"start":{"line":179,"column":11},"end":{"line":179,"column":27}},"loc":{"start":{"line":179,"column":43},"end":{"line":182,"column":5}}},"20":{"name":"(anonymous_20)","decl":{"start":{"line":184,"column":11},"end":{"line":184,"column":25}},"loc":{"start":{"line":184,"column":25},"end":{"line":188,"column":5}}}},"branchMap":{"0":{"loc":{"start":{"line":20,"column":8},"end":{"line":41,"column":null}},"type":"if","locations":[{"start":{"line":20,"column":8},"end":{"line":41,"column":null}},{"start":{"line":23,"column":14},"end":{"line":41,"column":null}}]},"1":{"loc":{"start":{"line":23,"column":14},"end":{"line":41,"column":null}},"type":"if","locations":[{"start":{"line":23,"column":14},"end":{"line":41,"column":null}},{"start":{"line":27,"column":13},"end":{"line":41,"column":null}}]},"2":{"loc":{"start":{"line":27,"column":13},"end":{"line":41,"column":null}},"type":"if","locations":[{"start":{"line":27,"column":13},"end":{"line":41,"column":null}}]},"3":{"loc":{"start":{"line":29,"column":16},"end":{"line":39,"column":null}},"type":"if","locations":[{"start":{"line":29,"column":16},"end":{"line":39,"column":null}}]},"4":{"loc":{"start":{"line":31,"column":24},"end":{"line":37,"column":null}},"type":"if","locations":[{"start":{"line":31,"column":24},"end":{"line":37,"column":null}}]},"5":{"loc":{"start":{"line":45,"column":8},"end":{"line":56,"column":null}},"type":"if","locations":[{"start":{"line":45,"column":8},"end":{"line":56,"column":null}},{"start":{"line":48,"column":14},"end":{"line":56,"column":null}}]},"6":{"loc":{"start":{"line":48,"column":14},"end":{"line":56,"column":null}},"type":"if","locations":[{"start":{"line":48,"column":14},"end":{"line":56,"column":null}},{"start":{"line":51,"column":14},"end":{"line":56,"column":null}}]},"7":{"loc":{"start":{"line":51,"column":14},"end":{"line":56,"column":null}},"type":"if","locations":[{"start":{"line":51,"column":14},"end":{"line":56,"column":null}}]},"8":{"loc":{"start":{"line":66,"column":8},"end":{"line":70,"column":null}},"type":"if","locations":[{"start":{"line":66,"column":8},"end":{"line":70,"column":null}},{"start":{"line":68,"column":15},"end":{"line":70,"column":null}}]},"9":{"loc":{"start":{"line":74,"column":8},"end":{"line":78,"column":null}},"type":"if","locations":[{"start":{"line":74,"column":8},"end":{"line":78,"column":null}},{"start":{"line":76,"column":15},"end":{"line":78,"column":null}}]},"10":{"loc":{"start":{"line":82,"column":8},"end":{"line":84,"column":null}},"type":"if","locations":[{"start":{"line":82,"column":8},"end":{"line":84,"column":null}}]},"11":{"loc":{"start":{"line":88,"column":8},"end":{"line":90,"column":null}},"type":"if","locations":[{"start":{"line":88,"column":8},"end":{"line":90,"column":null}}]},"12":{"loc":{"start":{"line":121,"column":8},"end":{"line":136,"column":null}},"type":"if","locations":[{"start":{"line":121,"column":8},"end":{"line":136,"column":null}}]},"13":{"loc":{"start":{"line":127,"column":16},"end":{"line":129,"column":null}},"type":"if","locations":[{"start":{"line":127,"column":16},"end":{"line":129,"column":null}}]},"14":{"loc":{"start":{"line":132,"column":16},"end":{"line":134,"column":null}},"type":"if","locations":[{"start":{"line":132,"column":16},"end":{"line":134,"column":null}}]},"15":{"loc":{"start":{"line":140,"column":8},"end":{"line":145,"column":null}},"type":"if","locations":[{"start":{"line":140,"column":8},"end":{"line":145,"column":null}},{"start":{"line":143,"column":13},"end":{"line":145,"column":null}}]},"16":{"loc":{"start":{"line":149,"column":8},"end":{"line":158,"column":null}},"type":"if","locations":[{"start":{"line":149,"column":8},"end":{"line":158,"column":null}},{"start":{"line":152,"column":15},"end":{"line":158,"column":null}}]},"17":{"loc":{"start":{"line":152,"column":15},"end":{"line":158,"column":null}},"type":"if","locations":[{"start":{"line":152,"column":15},"end":{"line":158,"column":null}},{"start":{"line":156,"column":13},"end":{"line":158,"column":null}}]},"18":{"loc":{"start":{"line":162,"column":8},"end":{"line":171,"column":null}},"type":"if","locations":[{"start":{"line":162,"column":8},"end":{"line":171,"column":null}},{"start":{"line":165,"column":15},"end":{"line":171,"column":null}}]},"19":{"loc":{"start":{"line":165,"column":15},"end":{"line":171,"column":null}},"type":"if","locations":[{"start":{"line":165,"column":15},"end":{"line":171,"column":null}},{"start":{"line":169,"column":13},"end":{"line":171,"column":null}}]},"20":{"loc":{"start":{"line":185,"column":8},"end":{"line":187,"column":null}},"type":"if","locations":[{"start":{"line":185,"column":8},"end":{"line":187,"column":null}}]},"21":{"loc":{"start":{"line":185,"column":12},"end":{"line":185,"column":77}},"type":"binary-expr","locations":[{"start":{"line":185,"column":12},"end":{"line":185,"column":40}},{"start":{"line":185,"column":44},"end":{"line":185,"column":77}}]}},"s":{"0":2,"1":655,"2":655,"3":655,"4":655,"5":520,"6":0,"7":0,"8":520,"9":0,"10":0,"11":520,"12":519,"13":519,"14":2076,"15":519,"16":519,"17":2076,"18":519,"19":519,"20":519,"21":519,"22":519,"23":135,"24":0,"25":0,"26":135,"27":1,"28":1,"29":134,"30":134,"31":134,"32":134,"33":134,"34":1,"35":424,"36":422,"37":2,"38":260,"39":260,"40":0,"41":5,"42":5,"43":4,"44":4,"45":1,"46":1,"47":1,"48":1,"49":1,"50":1,"51":1,"52":1,"53":492,"54":492,"55":492,"56":492,"57":492,"58":492,"59":492,"60":492,"61":1968,"62":492,"63":492,"64":492,"65":1968,"66":492,"67":1,"68":1,"69":0,"70":496,"71":247,"72":247,"73":249,"74":165,"75":165,"76":84,"77":495,"78":85,"79":85,"80":410,"81":164,"82":164,"83":246,"84":6,"85":6,"86":5,"87":5,"88":2,"89":1,"90":2},"f":{"0":655,"1":520,"2":135,"3":1,"4":424,"5":260,"6":5,"7":4,"8":1,"9":1,"10":1,"11":1,"12":1,"13":1,"14":492,"15":1,"16":496,"17":495,"18":6,"19":5,"20":2},"b":{"0":[0,520],"1":[0,520],"2":[519],"3":[519],"4":[519],"5":[0,135],"6":[1,134],"7":[134],"8":[422,2],"9":[260,0],"10":[5],"11":[4],"12":[492],"13":[492],"14":[492],"15":[1,0],"16":[247,249],"17":[165,84],"18":[85,410],"19":[164,246],"20":[1],"21":[2,1]}}
}
