TN:
SF:Archivos\Partido.ts
FN:16,(anonymous_0)
FN:19,(anonymous_1)
FN:44,(anonymous_2)
FN:60,(anonymous_3)
FN:65,(anonymous_4)
FN:73,(anonymous_5)
FN:81,(anonymous_6)
FN:87,(anonymous_7)
FN:93,(anonymous_8)
FN:97,(anonymous_9)
FN:101,(anonymous_10)
FN:105,(anonymous_11)
FN:109,(anonymous_12)
FN:114,(anonymous_13)
FN:119,(anonymous_14)
FN:139,(anonymous_15)
FN:148,(anonymous_16)
FN:161,(anonymous_17)
FN:174,(anonymous_18)
FN:179,(anonymous_19)
FN:184,(anonymous_20)
FNF:21
FNH:21
FNDA:655,(anonymous_0)
FNDA:520,(anonymous_1)
FNDA:135,(anonymous_2)
FNDA:1,(anonymous_3)
FNDA:424,(anonymous_4)
FNDA:260,(anonymous_5)
FNDA:5,(anonymous_6)
FNDA:4,(anonymous_7)
FNDA:1,(anonymous_8)
FNDA:1,(anonymous_9)
FNDA:1,(anonymous_10)
FNDA:1,(anonymous_11)
FNDA:1,(anonymous_12)
FNDA:1,(anonymous_13)
FNDA:492,(anonymous_14)
FNDA:1,(anonymous_15)
FNDA:496,(anonymous_16)
FNDA:495,(anonymous_17)
FNDA:6,(anonymous_18)
FNDA:5,(anonymous_19)
FNDA:2,(anonymous_20)
DA:3,2
DA:5,2
DA:11,655
DA:12,655
DA:13,655
DA:14,655
DA:20,520
DA:21,0
DA:22,0
DA:23,520
DA:24,0
DA:25,0
DA:27,520
DA:28,519
DA:29,2076
DA:30,519
DA:31,2076
DA:32,519
DA:33,519
DA:34,519
DA:35,519
DA:36,519
DA:45,135
DA:46,0
DA:47,0
DA:48,135
DA:49,1
DA:50,1
DA:51,134
DA:52,134
DA:53,134
DA:54,134
DA:55,134
DA:61,1
DA:66,424
DA:67,422
DA:69,2
DA:74,260
DA:75,260
DA:77,0
DA:82,5
DA:83,5
DA:88,4
DA:89,4
DA:94,1
DA:98,1
DA:102,1
DA:106,1
DA:110,1
DA:111,1
DA:115,1
DA:116,1
DA:120,492
DA:121,492
DA:122,492
DA:123,492
DA:124,492
DA:125,492
DA:126,492
DA:127,1968
DA:128,492
DA:131,492
DA:132,1968
DA:133,492
DA:140,1
DA:141,1
DA:144,0
DA:149,496
DA:150,247
DA:151,247
DA:152,249
DA:153,165
DA:154,165
DA:157,84
DA:162,495
DA:163,85
DA:164,85
DA:165,410
DA:166,164
DA:167,164
DA:170,246
DA:175,6
DA:176,6
DA:180,5
DA:181,5
DA:185,2
DA:186,1
LF:87
LH:79
BRDA:20,0,0,0
BRDA:20,0,1,520
BRDA:23,1,0,0
BRDA:23,1,1,520
BRDA:27,2,0,519
BRDA:29,3,0,519
BRDA:31,4,0,519
BRDA:45,5,0,0
BRDA:45,5,1,135
BRDA:48,6,0,1
BRDA:48,6,1,134
BRDA:51,7,0,134
BRDA:66,8,0,422
BRDA:66,8,1,2
BRDA:74,9,0,260
BRDA:74,9,1,0
BRDA:82,10,0,5
BRDA:88,11,0,4
BRDA:121,12,0,492
BRDA:127,13,0,492
BRDA:132,14,0,492
BRDA:140,15,0,1
BRDA:140,15,1,0
BRDA:149,16,0,247
BRDA:149,16,1,249
BRDA:152,17,0,165
BRDA:152,17,1,84
BRDA:162,18,0,85
BRDA:162,18,1,410
BRDA:165,19,0,164
BRDA:165,19,1,246
BRDA:185,20,0,1
BRDA:185,21,0,2
BRDA:185,21,1,1
BRF:34
BRH:29
end_of_record
