TN:
SF:Archivos\Equipo.ts
FN:11,(anonymous_0)
FN:22,(anonymous_1)
FN:26,(anonymous_2)
FN:30,(anonymous_3)
FN:34,(anonymous_4)
FN:38,(anonymous_5)
FN:44,(anonymous_6)
FNF:7
FNH:7
FNDA:525,(anonymous_0)
FNDA:16174,(anonymous_1)
FNDA:2,(anonymous_2)
FNDA:682,(anonymous_3)
FNDA:9,(anonymous_4)
FNDA:986,(anonymous_5)
FNDA:662,(anonymous_6)
DA:3,2
DA:6,525
DA:7,525
DA:8,525
DA:9,525
DA:12,525
DA:13,1
DA:14,1
DA:16,524
DA:17,524
DA:23,16174
DA:27,2
DA:31,682
DA:35,9
DA:39,986
DA:40,986
DA:41,986
DA:45,662
LF:18
LH:18
BRDA:12,0,0,1
BRDA:12,0,1,524
BRDA:12,1,0,525
BRDA:12,1,1,525
BRDA:12,1,2,524
BRDA:12,1,3,524
BRDA:12,1,4,524
BRDA:12,1,5,524
BRDA:12,1,6,524
BRDA:12,1,7,524
BRDA:12,1,8,524
BRDA:12,1,9,524
BRF:12
BRH:12
end_of_record
TN:
SF:Archivos\Estadio.ts
FN:7,(anonymous_0)
FNF:1
FNH:1
FNDA:1,(anonymous_0)
DA:1,1
DA:8,1
DA:9,1
DA:10,1
LF:4
LH:4
BRF:0
BRH:0
end_of_record
TN:
SF:Archivos\Grupo.ts
FN:14,(anonymous_0)
FN:20,(anonymous_1)
FN:28,(anonymous_2)
FN:34,(anonymous_3)
FN:39,(anonymous_4)
FN:46,(anonymous_5)
FN:50,(anonymous_6)
FN:58,(anonymous_7)
FN:87,(anonymous_8)
FNF:9
FNH:9
FNDA:113,(anonymous_0)
FNDA:448,(anonymous_1)
FNDA:494,(anonymous_2)
FNDA:1,(anonymous_3)
FNDA:1,(anonymous_4)
FNDA:1,(anonymous_5)
FNDA:1,(anonymous_6)
FNDA:89,(anonymous_7)
FNDA:80,(anonymous_8)
DA:1,2
DA:2,2
DA:4,2
DA:7,113
DA:8,113
DA:10,113
DA:11,113
DA:12,113
DA:15,113
DA:16,112
DA:21,448
DA:22,448
DA:23,448
DA:24,448
DA:29,494
DA:30,494
DA:35,1
DA:36,1
DA:40,1
DA:41,1
DA:42,1
DA:47,1
DA:51,1
DA:52,1
DA:53,1
DA:59,89
DA:64,356
DA:65,81
DA:66,81
DA:67,81
DA:68,81
DA:69,81
DA:70,275
DA:71,170
DA:72,170
DA:73,170
DA:74,170
DA:75,105
DA:76,96
DA:77,96
DA:78,96
DA:80,9
DA:81,9
DA:84,89
DA:88,80
DA:89,80
DA:91,80
DA:92,240
DA:93,80
DA:94,240
DA:95,240
DA:96,240
DA:97,240
DA:98,240
DA:99,240
DA:102,160
DA:103,80
DA:104,160
DA:105,160
DA:106,160
DA:107,160
DA:108,160
DA:109,160
DA:110,160
DA:114,80
DA:115,80
DA:116,80
DA:117,80
DA:118,80
DA:119,80
LF:70
LH:70
BRDA:15,0,0,112
BRDA:21,1,0,448
BRDA:21,2,0,448
BRDA:21,2,1,448
BRDA:29,3,0,494
BRDA:35,4,0,1
BRDA:52,5,0,1
BRDA:64,6,0,81
BRDA:64,6,1,275
BRDA:70,7,0,170
BRDA:70,7,1,105
BRDA:75,8,0,96
BRDA:75,8,1,9
BRDA:92,9,0,80
BRDA:92,9,1,160
BRDA:102,10,0,80
BRDA:102,10,1,80
BRF:17
BRH:17
end_of_record
TN:
SF:Archivos\Manager.ts
FN:15,(anonymous_0)
FN:19,(anonymous_1)
FN:86,(anonymous_2)
FN:90,(anonymous_3)
FN:141,(anonymous_4)
FN:165,(anonymous_5)
FN:182,(anonymous_6)
FN:192,(anonymous_7)
FNF:8
FNH:8
FNDA:12,(anonymous_0)
FNDA:10,(anonymous_1)
FNDA:81,(anonymous_2)
FNDA:11,(anonymous_3)
FNDA:8,(anonymous_4)
FNDA:5,(anonymous_5)
FNDA:2,(anonymous_6)
FNDA:2,(anonymous_7)
DA:2,1
DA:3,1
DA:5,1
DA:7,12
DA:8,12
DA:9,12
DA:10,12
DA:11,12
DA:16,12
DA:20,10
DA:21,10
DA:22,10
DA:23,10
DA:24,10
DA:25,10
DA:26,10
DA:29,10
DA:30,10
DA:31,10
DA:32,10
DA:33,10
DA:34,10
DA:35,10
DA:37,10
DA:38,10
DA:39,10
DA:40,10
DA:41,10
DA:42,10
DA:43,10
DA:45,10
DA:46,10
DA:47,10
DA:48,10
DA:49,10
DA:50,10
DA:51,10
DA:53,10
DA:54,10
DA:55,10
DA:56,10
DA:57,10
DA:58,10
DA:59,10
DA:61,10
DA:62,10
DA:63,10
DA:64,10
DA:65,10
DA:66,10
DA:67,10
DA:69,10
DA:70,10
DA:71,10
DA:72,10
DA:73,10
DA:74,10
DA:75,10
DA:77,10
DA:78,10
DA:79,10
DA:80,10
DA:81,10
DA:82,10
DA:83,10
DA:87,81
DA:91,11
DA:92,11
DA:93,11
DA:94,11
DA:95,11
DA:96,11
DA:97,11
DA:98,11
DA:99,11
DA:101,11
DA:102,11
DA:103,11
DA:104,11
DA:105,11
DA:106,11
DA:107,11
DA:108,11
DA:110,11
DA:111,11
DA:112,11
DA:113,11
DA:114,11
DA:115,11
DA:117,11
DA:118,11
DA:119,11
DA:120,11
DA:121,11
DA:122,11
DA:124,11
DA:125,11
DA:126,11
DA:127,11
DA:128,11
DA:129,11
DA:131,11
DA:132,11
DA:133,11
DA:134,11
DA:135,11
DA:136,11
DA:138,11
DA:142,8
DA:143,8
DA:144,8
DA:145,8
DA:146,8
DA:147,8
DA:148,8
DA:149,8
DA:151,8
DA:152,8
DA:153,8
DA:155,8
DA:156,8
DA:157,8
DA:159,8
DA:160,8
DA:161,8
DA:162,8
DA:166,5
DA:167,5
DA:168,5
DA:170,5
DA:171,5
DA:172,5
DA:173,5
DA:175,5
DA:176,5
DA:177,5
DA:178,5
DA:179,5
DA:183,2
DA:184,2
DA:186,2
DA:187,2
DA:188,2
DA:189,2
DA:193,2
DA:194,2
DA:196,2
DA:197,2
DA:198,2
LF:149
LH:149
BRF:0
BRH:0
end_of_record
TN:
SF:Archivos\Partido.ts
FN:14,(anonymous_0)
FN:17,(anonymous_1)
FN:35,(anonymous_2)
FN:51,(anonymous_3)
FN:56,(anonymous_4)
FN:64,(anonymous_5)
FN:72,(anonymous_6)
FN:78,(anonymous_7)
FN:84,(anonymous_8)
FN:88,(anonymous_9)
FN:92,(anonymous_10)
FN:96,(anonymous_11)
FN:100,(anonymous_12)
FN:105,(anonymous_13)
FN:110,(anonymous_14)
FN:130,(anonymous_15)
FN:139,(anonymous_16)
FN:152,(anonymous_17)
FN:165,(anonymous_18)
FNF:19
FNH:19
FNDA:654,(anonymous_0)
FNDA:518,(anonymous_1)
FNDA:135,(anonymous_2)
FNDA:1,(anonymous_3)
FNDA:424,(anonymous_4)
FNDA:260,(anonymous_5)
FNDA:5,(anonymous_6)
FNDA:4,(anonymous_7)
FNDA:1,(anonymous_8)
FNDA:1,(anonymous_9)
FNDA:1,(anonymous_10)
FNDA:1,(anonymous_11)
FNDA:1,(anonymous_12)
FNDA:1,(anonymous_13)
FNDA:492,(anonymous_14)
FNDA:1,(anonymous_15)
FNDA:496,(anonymous_16)
FNDA:495,(anonymous_17)
FNDA:1,(anonymous_18)
DA:4,2
DA:10,654
DA:18,518
DA:19,517
DA:20,2068
DA:21,517
DA:22,2068
DA:23,517
DA:24,517
DA:25,517
DA:26,517
DA:27,517
DA:36,135
DA:37,0
DA:38,0
DA:39,135
DA:40,1
DA:41,1
DA:42,134
DA:43,134
DA:44,134
DA:45,134
DA:46,134
DA:52,1
DA:57,424
DA:58,422
DA:60,2
DA:65,260
DA:66,260
DA:68,0
DA:73,5
DA:74,5
DA:79,4
DA:80,4
DA:85,1
DA:89,1
DA:93,1
DA:97,1
DA:101,1
DA:102,1
DA:106,1
DA:107,1
DA:111,492
DA:112,492
DA:113,492
DA:114,492
DA:115,492
DA:116,492
DA:117,492
DA:118,1968
DA:119,492
DA:122,492
DA:123,1968
DA:124,492
DA:131,1
DA:132,1
DA:135,0
DA:140,496
DA:141,247
DA:142,247
DA:143,249
DA:144,165
DA:145,165
DA:148,84
DA:153,495
DA:154,85
DA:155,85
DA:156,410
DA:157,164
DA:158,164
DA:161,246
DA:166,1
DA:167,1
DA:168,4
DA:169,1
DA:170,4
DA:171,1
DA:172,1
DA:173,1
DA:174,1
DA:175,1
DA:176,1
DA:177,1
DA:178,1
LF:84
LH:80
BRDA:18,0,0,517
BRDA:20,1,0,517
BRDA:22,2,0,517
BRDA:36,3,0,0
BRDA:36,3,1,135
BRDA:39,4,0,1
BRDA:39,4,1,134
BRDA:42,5,0,134
BRDA:57,6,0,422
BRDA:57,6,1,2
BRDA:65,7,0,260
BRDA:65,7,1,0
BRDA:73,8,0,5
BRDA:79,9,0,4
BRDA:112,10,0,492
BRDA:118,11,0,492
BRDA:123,12,0,492
BRDA:131,13,0,1
BRDA:131,13,1,0
BRDA:140,14,0,247
BRDA:140,14,1,249
BRDA:143,15,0,165
BRDA:143,15,1,84
BRDA:153,16,0,85
BRDA:153,16,1,410
BRDA:156,17,0,164
BRDA:156,17,1,246
BRDA:166,18,0,1
BRDA:168,19,0,1
BRDA:170,20,0,1
BRDA:171,21,0,1
BRDA:171,22,0,1
BRDA:171,22,1,1
BRF:33
BRH:30
end_of_record
